app/manifest-merger-release-report.txt
-- Merging decision tree log ---
manifest
ADDED from AndroidManifest.xml:1:1
	xmlns:android
		ADDED from AndroidManifest.xml:1:11
	package
		ADDED from AndroidManifest.xml:2:5
		INJECTED from AndroidManifest.xml:0:0
		INJECTED from AndroidManifest.xml:0:0
	android:versionName
		INJECTED from AndroidManifest.xml:0:0
		INJECTED from AndroidManifest.xml:0:0
	android:versionCode
		INJECTED from AndroidManifest.xml:0:0
		INJECTED from AndroidManifest.xml:0:0
uses-permission#android.permission.ACCESS_FINE_LOCATION
ADDED from AndroidManifest.xml:4:5
	android:name
		ADDED from AndroidManifest.xml:4:22
uses-permission#android.permission.INTERNET
ADDED from AndroidManifest.xml:5:5
MERGED from android-pam....omh-dsu-android-client-lib:omhclient_library:unspecified:20:5
	android:name
		ADDED from AndroidManifest.xml:5:22
uses-permission#android.permission.GET_ACCOUNTS
ADDED from AndroidManifest.xml:6:5
MERGED from android-pam....omh-dsu-android-client-lib:omhclient_library:unspecified:12:5
	android:name
		ADDED from AndroidManifest.xml:6:22
uses-permission#android.permission.USE_CREDENTIALS
ADDED from AndroidManifest.xml:7:5
MERGED from android-pam....omh-dsu-android-client-lib:omhclient_library:unspecified:13:5
	android:name
		ADDED from AndroidManifest.xml:7:22
uses-permission#android.permission.WRITE_EXTERNAL_STORAGE
ADDED from AndroidManifest.xml:8:5
	android:name
		ADDED from AndroidManifest.xml:8:22
uses-permission#android.permission.READ_SYNC_SETTINGS
ADDED from AndroidManifest.xml:9:5
MERGED from android-pam....omh-dsu-android-client-lib:omhclient_library:unspecified:17:5
	android:name
		ADDED from AndroidManifest.xml:9:22
uses-permission#android.permission.WRITE_SYNC_SETTINGS
ADDED from AndroidManifest.xml:10:5
MERGED from android-pam....omh-dsu-android-client-lib:omhclient_library:unspecified:18:5
	android:name
		ADDED from AndroidManifest.xml:10:22
uses-permission#android.permission.AUTHENTICATE_ACCOUNTS
ADDED from AndroidManifest.xml:11:5
MERGED from android-pam....omh-dsu-android-client-lib:omhclient_library:unspecified:19:5
	android:name
		ADDED from AndroidManifest.xml:11:22
uses-permission#android.permission.MANAGE_ACCOUNTS
ADDED from AndroidManifest.xml:12:5
MERGED from android-pam....omh-dsu-android-client-lib:omhclient_library:unspecified:14:5
	android:name
		ADDED from AndroidManifest.xml:12:22
uses-permission#android.permission.RECEIVE_BOOT_COMPLETED
ADDED from AndroidManifest.xml:13:5
	android:name
		ADDED from AndroidManifest.xml:13:22
application
ADDED from AndroidManifest.xml:16:5
MERGED from com.android.support:appcompat-v7:22.1.1:22:5
MERGED from com.android.support:support-v4:22.1.1:22:5
MERGED from com.google.android.gms:play-services-identity:7.0.0:19:5
MERGED from com.google.android.gms:play-services-base:7.0.0:20:5
MERGED from com.android.support:support-v4:22.1.1:22:5
MERGED from com.google.android.gms:play-services-plus:7.0.0:19:5
MERGED from com.google.android.gms:play-services-base:7.0.0:20:5
MERGED from com.android.support:support-v4:22.1.1:22:5
MERGED from com.github.satyan:sugar:1.3:11:5
MERGED from android-pam....omh-dsu-android-client-lib:omhclient_library:unspecified:23:5
MERGED from com.android.support:appcompat-v7:22.1.1:22:5
MERGED from com.android.support:support-v4:22.1.1:22:5
MERGED from com.google.android.gms:play-services-identity:7.0.0:19:5
MERGED from com.google.android.gms:play-services-base:7.0.0:20:5
MERGED from com.android.support:support-v4:22.1.1:22:5
MERGED from com.google.android.gms:play-services-plus:7.0.0:19:5
MERGED from com.google.android.gms:play-services-base:7.0.0:20:5
MERGED from com.android.support:support-v4:22.1.1:22:5
MERGED from com.github.satyan:sugar:1.3:11:5
	android:allowBackup
		ADDED from com.github.satyan:sugar:1.3:12:9
	android:label
		ADDED from AndroidManifest.xml:20:9
	android:icon
		ADDED from AndroidManifest.xml:19:9
	android:theme
		ADDED from AndroidManifest.xml:21:9
	android:name
		ADDED from AndroidManifest.xml:18:9
meta-data#com.google.android.gms.version
ADDED from AndroidManifest.xml:22:9
MERGED from com.google.android.gms:play-services-base:7.0.0:21:9
MERGED from com.google.android.gms:play-services-base:7.0.0:21:9
MERGED from android-pam....omh-dsu-android-client-lib:omhclient_library:unspecified:26:9
MERGED from com.google.android.gms:play-services-base:7.0.0:21:9
MERGED from com.google.android.gms:play-services-base:7.0.0:21:9
	android:name
		ADDED from AndroidManifest.xml:23:13
	android:value
		ADDED from AndroidManifest.xml:24:13
activity#org.openmhealth.pam.PAMActivity
ADDED from AndroidManifest.xml:26:9
	android:label
		ADDED from AndroidManifest.xml:27:13
	android:name
		ADDED from AndroidManifest.xml:28:13
intent-filter#android.intent.action.MAIN+android.intent.category.LAUNCHER
ADDED from AndroidManifest.xml:29:13
action#android.intent.action.MAIN
ADDED from AndroidManifest.xml:30:17
	android:name
		ADDED from AndroidManifest.xml:30:25
category#android.intent.category.LAUNCHER
ADDED from AndroidManifest.xml:32:17
	android:name
		ADDED from AndroidManifest.xml:32:27
intent-filter#org.openmhealth.pam.ACTION_CHOOSE_IMAGE
ADDED from AndroidManifest.xml:34:13
action#org.openmhealth.pam.ACTION_CHOOSE_IMAGE
ADDED from AndroidManifest.xml:35:17
	android:name
		ADDED from AndroidManifest.xml:35:25
intent-filter#android.intent.action.VIEW+android.intent.category.DEFAULT
ADDED from AndroidManifest.xml:37:13
action#android.intent.action.VIEW
ADDED from AndroidManifest.xml:38:17
	android:name
		ADDED from AndroidManifest.xml:38:25
category#android.intent.category.DEFAULT
ADDED from AndroidManifest.xml:40:17
	android:name
		ADDED from AndroidManifest.xml:40:27
data
ADDED from AndroidManifest.xml:41:17
	android:path
		ADDED from AndroidManifest.xml:42:21
	android:scheme
		ADDED from AndroidManifest.xml:43:21
intent-filter#android.intent.action.VIEW+android.intent.category.BROWSABLE+android.intent.category.DEFAULT
ADDED from AndroidManifest.xml:45:13
category#android.intent.category.BROWSABLE
ADDED from AndroidManifest.xml:48:17
	android:name
		ADDED from AndroidManifest.xml:48:27
activity#org.openmhealth.pam.SigninActivity
ADDED from AndroidManifest.xml:55:9
	android:theme
		ADDED from AndroidManifest.xml:55:69
	android:name
		ADDED from AndroidManifest.xml:55:19
activity#org.openmhealth.utils.reminders.ReminderListActivity
ADDED from AndroidManifest.xml:58:9
	android:name
		ADDED from AndroidManifest.xml:58:19
activity#org.openmhealth.utils.reminders.ReminderSetupActivity
ADDED from AndroidManifest.xml:59:9
	android:name
		ADDED from AndroidManifest.xml:59:19
receiver#org.openmhealth.utils.reminders.ReminderManager
ADDED from AndroidManifest.xml:60:9
	android:name
		ADDED from AndroidManifest.xml:60:19
intent-filter#REMINDER_ACTION+android.intent.action.BOOT_COMPLETED
ADDED from AndroidManifest.xml:61:13
action#REMINDER_ACTION
ADDED from AndroidManifest.xml:62:17
	android:name
		ADDED from AndroidManifest.xml:62:25
action#android.intent.action.BOOT_COMPLETED
ADDED from AndroidManifest.xml:63:17
	android:name
		ADDED from AndroidManifest.xml:63:25
uses-sdk
INJECTED from AndroidManifest.xml:0:0 reason: use-sdk injection requested
MERGED from com.android.support:appcompat-v7:22.1.1:20:5
MERGED from com.android.support:support-v4:22.1.1:20:5
MERGED from com.google.android.gms:play-services-identity:7.0.0:18:5
MERGED from com.google.android.gms:play-services-base:7.0.0:18:5
MERGED from com.android.support:support-v4:22.1.1:20:5
MERGED from com.google.android.gms:play-services-plus:7.0.0:18:5
MERGED from com.google.android.gms:play-services-base:7.0.0:18:5
MERGED from com.android.support:support-v4:22.1.1:20:5
MERGED from com.github.satyan:sugar:1.3:7:5
MERGED from android-pam....omh-dsu-android-client-lib:omhclient_library:unspecified:7:5
MERGED from com.android.support:appcompat-v7:22.1.1:20:5
MERGED from com.android.support:support-v4:22.1.1:20:5
MERGED from com.google.android.gms:play-services-identity:7.0.0:18:5
MERGED from com.google.android.gms:play-services-base:7.0.0:18:5
MERGED from com.android.support:support-v4:22.1.1:20:5
MERGED from com.google.android.gms:play-services-plus:7.0.0:18:5
MERGED from com.google.android.gms:play-services-base:7.0.0:18:5
MERGED from com.android.support:support-v4:22.1.1:20:5
MERGED from com.github.satyan:sugar:1.3:7:5
	android:targetSdkVersion
		INJECTED from AndroidManifest.xml:0:0
		INJECTED from AndroidManifest.xml:0:0
	android:minSdkVersion
		INJECTED from AndroidManifest.xml:0:0
		INJECTED from AndroidManifest.xml:0:0
uses-permission#android.permission.READ_SYNC_STATS
ADDED from android-pam....omh-dsu-android-client-lib:omhclient_library:unspecified:16:5
	android:name
		ADDED from android-pam....omh-dsu-android-client-lib:omhclient_library:unspecified:16:22
meta-data#DATABASE
ADDED from android-pam....omh-dsu-android-client-lib:omhclient_library:unspecified:31:9
	android:name
		ADDED from android-pam....omh-dsu-android-client-lib:omhclient_library:unspecified:32:13
	android:value
		ADDED from android-pam....omh-dsu-android-client-lib:omhclient_library:unspecified:33:13
meta-data#VERSION
ADDED from android-pam....omh-dsu-android-client-lib:omhclient_library:unspecified:34:9
	android:name
		ADDED from android-pam....omh-dsu-android-client-lib:omhclient_library:unspecified:35:13
	android:value
		ADDED from android-pam....omh-dsu-android-client-lib:omhclient_library:unspecified:36:13
meta-data#QUERY_LOG
ADDED from android-pam....omh-dsu-android-client-lib:omhclient_library:unspecified:37:9
	android:name
		ADDED from android-pam....omh-dsu-android-client-lib:omhclient_library:unspecified:38:13
	android:value
		ADDED from android-pam....omh-dsu-android-client-lib:omhclient_library:unspecified:39:13
meta-data#DOMAIN_PACKAGE_NAME
ADDED from android-pam....omh-dsu-android-client-lib:omhclient_library:unspecified:40:9
	android:name
		ADDED from android-pam....omh-dsu-android-client-lib:omhclient_library:unspecified:41:13
	android:value
		ADDED from android-pam....omh-dsu-android-client-lib:omhclient_library:unspecified:42:13
provider#io.smalldatalab.omhclient.DSUContentProvider
ADDED from android-pam....omh-dsu-android-client-lib:omhclient_library:unspecified:44:9
	android:syncable
		ADDED from android-pam....omh-dsu-android-client-lib:omhclient_library:unspecified:48:13
	android:authorities
		ADDED from android-pam....omh-dsu-android-client-lib:omhclient_library:unspecified:46:13
	android:enabled
		ADDED from android-pam....omh-dsu-android-client-lib:omhclient_library:unspecified:47:13
	android:name
		ADDED from android-pam....omh-dsu-android-client-lib:omhclient_library:unspecified:45:13
service#io.smalldatalab.omhclient.DSUService
ADDED from android-pam....omh-dsu-android-client-lib:omhclient_library:unspecified:50:9
	android:enabled
		ADDED from android-pam....omh-dsu-android-client-lib:omhclient_library:unspecified:52:13
	android:name
		ADDED from android-pam....omh-dsu-android-client-lib:omhclient_library:unspecified:51:13
intent-filter#android.accounts.AccountAuthenticator+android.content.SyncAdapter
ADDED from android-pam....omh-dsu-android-client-lib:omhclient_library:unspecified:53:13
action#android.accounts.AccountAuthenticator
ADDED from android-pam....omh-dsu-android-client-lib:omhclient_library:unspecified:54:17
	android:name
		ADDED from android-pam....omh-dsu-android-client-lib:omhclient_library:unspecified:54:25
action#android.content.SyncAdapter
ADDED from android-pam....omh-dsu-android-client-lib:omhclient_library:unspecified:55:17
	android:name
		ADDED from android-pam....omh-dsu-android-client-lib:omhclient_library:unspecified:55:25
meta-data#android.content.SyncAdapter
ADDED from android-pam....omh-dsu-android-client-lib:omhclient_library:unspecified:58:13
	android:resource
		ADDED from android-pam....omh-dsu-android-client-lib:omhclient_library:unspecified:60:17
	android:name
		ADDED from android-pam....omh-dsu-android-client-lib:omhclient_library:unspecified:59:17
meta-data#android.accounts.AccountAuthenticator
ADDED from android-pam....omh-dsu-android-client-lib:omhclient_library:unspecified:61:13
	android:resource
		ADDED from android-pam....omh-dsu-android-client-lib:omhclient_library:unspecified:63:17
	android:name
		ADDED from android-pam....omh-dsu-android-client-lib:omhclient_library:unspecified:62:17
activity#io.smalldatalab.omhclient.DSUAccountAuthActivity
ADDED from android-pam....omh-dsu-android-client-lib:omhclient_library:unspecified:66:9
	android:label
		ADDED from android-pam....omh-dsu-android-client-lib:omhclient_library:unspecified:69:13
	android:theme
		ADDED from android-pam....omh-dsu-android-client-lib:omhclient_library:unspecified:70:13
	android:background
		ADDED from android-pam....omh-dsu-android-client-lib:omhclient_library:unspecified:68:13
	android:name
		ADDED from android-pam....omh-dsu-android-client-lib:omhclient_library:unspecified:67:13